<?xml version="1.0" encoding="UTF-8" ?>
<testsuite tests="2" failures="1" name="TestSuite" time="3.552" errors="0" skipped="0">
  <properties>
    <property name="java.runtime.name" value="Java(TM) SE Runtime Environment"/>
    <property name="java.vm.version" value="16.0.1+9-24"/>
    <property name="sun.boot.library.path" value="C:\Program Files\Java\jdk-16.0.1\bin"/>
    <property name="user.country.format" value="US"/>
    <property name="java.vm.vendor" value="Oracle Corporation"/>
    <property name="java.vendor.url" value="https://java.oracle.com/"/>
    <property name="path.separator" value=";"/>
    <property name="java.vm.name" value="Java HotSpot(TM) 64-Bit Server VM"/>
    <property name="sun.os.patch.level" value=""/>
    <property name="user.script" value=""/>
    <property name="user.country" value="TR"/>
    <property name="sun.java.launcher" value="SUN_STANDARD"/>
    <property name="java.vm.specification.name" value="Java Virtual Machine Specification"/>
    <property name="user.dir" value="C:\Users\betul\eclipse-workspace\FreeNow"/>
    <property name="java.vm.compressedOopsMode" value="Zero based"/>
    <property name="java.runtime.version" value="16.0.1+9-24"/>
    <property name="basedir" value="C:\Users\betul\eclipse-workspace\FreeNow"/>
    <property name="os.arch" value="amd64"/>
    <property name="surefire.real.class.path" value="C:\Users\betul\AppData\Local\Temp\surefirebooter12353480829492007000.jar"/>
    <property name="java.io.tmpdir" value="C:\Users\betul\AppData\Local\Temp\"/>
    <property name="line.separator" value="
"/>
    <property name="java.vm.specification.vendor" value="Oracle Corporation"/>
    <property name="user.variant" value=""/>
    <property name="os.name" value="Windows 10"/>
    <property name="sun.jnu.encoding" value="Cp1254"/>
    <property name="java.library.path" value="C:\Program Files\Java\jdk-16.0.1\bin;C:\WINDOWS\Sun\Java\bin;C:\WINDOWS\system32;C:\WINDOWS;C:\Program Files\Common Files\Oracle\Java\javapath;C:\WINDOWS\system32;C:\WINDOWS;C:\WINDOWS\System32\Wbem;C:\WINDOWS\System32\WindowsPowerShell\v1.0\;C:\WINDOWS\System32\OpenSSH\;C:\Program Files\Java\jdk-16.0.1\bin;C:\apache-maven-3.8.3\bin;C:\Program Files\Git\cmd;C:\Program Files\nodejs\;C:\sqlite-tools-win32-x86-3370000;C:\Program Files (x86)\Calibre2\;C:\Ruby30-x64\bin;C:\Users\betul\AppData\Local\Microsoft\WindowsApps;C:\Users\betul\AppData\Roaming\npm;C:\sqlite-tools-win32-x86-3370000;;."/>
    <property name="surefire.test.class.path" value="C:\Users\betul\eclipse-workspace\FreeNow\target\test-classes;C:\Users\betul\eclipse-workspace\FreeNow\target\classes;C:\Users\betul\.m2\repository\org\testng\testng\6.10\testng-6.10.jar;C:\Users\betul\.m2\repository\com\beust\jcommander\1.48\jcommander-1.48.jar;C:\Users\betul\.m2\repository\io\rest-assured\rest-assured\3.0.6\rest-assured-3.0.6.jar;C:\Users\betul\.m2\repository\org\codehaus\groovy\groovy\2.4.12\groovy-2.4.12.jar;C:\Users\betul\.m2\repository\org\codehaus\groovy\groovy-xml\2.4.12\groovy-xml-2.4.12.jar;C:\Users\betul\.m2\repository\org\apache\httpcomponents\httpclient\4.5.3\httpclient-4.5.3.jar;C:\Users\betul\.m2\repository\org\apache\httpcomponents\httpcore\4.4.6\httpcore-4.4.6.jar;C:\Users\betul\.m2\repository\commons-logging\commons-logging\1.2\commons-logging-1.2.jar;C:\Users\betul\.m2\repository\commons-codec\commons-codec\1.9\commons-codec-1.9.jar;C:\Users\betul\.m2\repository\org\apache\httpcomponents\httpmime\4.5.1\httpmime-4.5.1.jar;C:\Users\betul\.m2\repository\org\hamcrest\hamcrest-core\1.3\hamcrest-core-1.3.jar;C:\Users\betul\.m2\repository\org\hamcrest\hamcrest-library\1.3\hamcrest-library-1.3.jar;C:\Users\betul\.m2\repository\org\ccil\cowan\tagsoup\tagsoup\1.2.1\tagsoup-1.2.1.jar;C:\Users\betul\.m2\repository\io\rest-assured\json-path\3.0.6\json-path-3.0.6.jar;C:\Users\betul\.m2\repository\org\codehaus\groovy\groovy-json\2.4.12\groovy-json-2.4.12.jar;C:\Users\betul\.m2\repository\io\rest-assured\rest-assured-common\3.0.6\rest-assured-common-3.0.6.jar;C:\Users\betul\.m2\repository\io\rest-assured\xml-path\3.0.6\xml-path-3.0.6.jar;C:\Users\betul\.m2\repository\org\apache\commons\commons-lang3\3.4\commons-lang3-3.4.jar;C:\Users\betul\.m2\repository\javax\xml\bind\jaxb-api\2.2.12\jaxb-api-2.2.12.jar;C:\Users\betul\.m2\repository\com\google\code\gson\gson\2.8.2\gson-2.8.2.jar;C:\Users\betul\.m2\repository\com\googlecode\json-simple\json-simple\1.1.1\json-simple-1.1.1.jar;C:\Users\betul\.m2\repository\junit\junit\4.10\junit-4.10.jar;"/>
    <property name="jdk.debug" value="release"/>
    <property name="java.class.version" value="60.0"/>
    <property name="java.specification.name" value="Java Platform API Specification"/>
    <property name="sun.management.compiler" value="HotSpot 64-Bit Tiered Compilers"/>
    <property name="os.version" value="10.0"/>
    <property name="user.home" value="C:\Users\betul"/>
    <property name="user.timezone" value="Europe/Paris"/>
    <property name="file.encoding" value="Cp1252"/>
    <property name="java.specification.version" value="16"/>
    <property name="user.name" value="betul"/>
    <property name="java.class.path" value="C:\Users\betul\eclipse-workspace\FreeNow\target\test-classes;C:\Users\betul\eclipse-workspace\FreeNow\target\classes;C:\Users\betul\.m2\repository\org\testng\testng\6.10\testng-6.10.jar;C:\Users\betul\.m2\repository\com\beust\jcommander\1.48\jcommander-1.48.jar;C:\Users\betul\.m2\repository\io\rest-assured\rest-assured\3.0.6\rest-assured-3.0.6.jar;C:\Users\betul\.m2\repository\org\codehaus\groovy\groovy\2.4.12\groovy-2.4.12.jar;C:\Users\betul\.m2\repository\org\codehaus\groovy\groovy-xml\2.4.12\groovy-xml-2.4.12.jar;C:\Users\betul\.m2\repository\org\apache\httpcomponents\httpclient\4.5.3\httpclient-4.5.3.jar;C:\Users\betul\.m2\repository\org\apache\httpcomponents\httpcore\4.4.6\httpcore-4.4.6.jar;C:\Users\betul\.m2\repository\commons-logging\commons-logging\1.2\commons-logging-1.2.jar;C:\Users\betul\.m2\repository\commons-codec\commons-codec\1.9\commons-codec-1.9.jar;C:\Users\betul\.m2\repository\org\apache\httpcomponents\httpmime\4.5.1\httpmime-4.5.1.jar;C:\Users\betul\.m2\repository\org\hamcrest\hamcrest-core\1.3\hamcrest-core-1.3.jar;C:\Users\betul\.m2\repository\org\hamcrest\hamcrest-library\1.3\hamcrest-library-1.3.jar;C:\Users\betul\.m2\repository\org\ccil\cowan\tagsoup\tagsoup\1.2.1\tagsoup-1.2.1.jar;C:\Users\betul\.m2\repository\io\rest-assured\json-path\3.0.6\json-path-3.0.6.jar;C:\Users\betul\.m2\repository\org\codehaus\groovy\groovy-json\2.4.12\groovy-json-2.4.12.jar;C:\Users\betul\.m2\repository\io\rest-assured\rest-assured-common\3.0.6\rest-assured-common-3.0.6.jar;C:\Users\betul\.m2\repository\io\rest-assured\xml-path\3.0.6\xml-path-3.0.6.jar;C:\Users\betul\.m2\repository\org\apache\commons\commons-lang3\3.4\commons-lang3-3.4.jar;C:\Users\betul\.m2\repository\javax\xml\bind\jaxb-api\2.2.12\jaxb-api-2.2.12.jar;C:\Users\betul\.m2\repository\com\google\code\gson\gson\2.8.2\gson-2.8.2.jar;C:\Users\betul\.m2\repository\com\googlecode\json-simple\json-simple\1.1.1\json-simple-1.1.1.jar;C:\Users\betul\.m2\repository\junit\junit\4.10\junit-4.10.jar;"/>
    <property name="java.vm.specification.version" value="16"/>
    <property name="sun.arch.data.model" value="64"/>
    <property name="sun.java.command" value="C:\Users\betul\AppData\Local\Temp\surefirebooter12353480829492007000.jar C:\Users\betul\AppData\Local\Temp\surefire14064743259420361910tmp C:\Users\betul\AppData\Local\Temp\surefire5502658099125075099tmp"/>
    <property name="java.home" value="C:\Program Files\Java\jdk-16.0.1"/>
    <property name="user.language" value="tr"/>
    <property name="java.specification.vendor" value="Oracle Corporation"/>
    <property name="user.language.format" value="en"/>
    <property name="java.vm.info" value="mixed mode, sharing"/>
    <property name="java.version" value="16.0.1"/>
    <property name="java.vendor" value="Oracle Corporation"/>
    <property name="localRepository" value="C:\Users\betul\.m2\repository"/>
    <property name="file.separator" value="\"/>
    <property name="java.version.date" value="2021-04-20"/>
    <property name="java.vendor.url.bug" value="https://bugreport.java.com/bugreport/"/>
    <property name="sun.io.unicode.encoding" value="UnicodeLittle"/>
    <property name="sun.cpu.endian" value="little"/>
    <property name="sun.cpu.isalist" value="amd64"/>
  </properties>
  <testcase classname="BackEndTest.FreeNow.AppTest" name="readUser" time="3.19"/>
  <testcase classname="BackEndTest.FreeNow.AppTest" name="userPosts" time="3.196">
    <failure message="
Cannot inject @Test annotated Method [userPosts] with [int].
For more information on native dependency injection please refer to http://testng.org/doc/documentation-main.html#native-dependency-injection" type="org.testng.TestNGException">org.testng.TestNGException: 
Cannot inject @Test annotated Method [userPosts] with [int].
For more information on native dependency injection please refer to http://testng.org/doc/documentation-main.html#native-dependency-injection
	at org.testng.internal.Parameters.checkParameterTypes(Parameters.java:244)
	at org.testng.internal.Parameters.createParameters(Parameters.java:172)
	at org.testng.internal.Parameters.createParameters(Parameters.java:458)
	at org.testng.internal.Parameters.handleParameters(Parameters.java:568)
	at org.testng.internal.Invoker.handleParameters(Invoker.java:1293)
	at org.testng.internal.Invoker.createParameters(Invoker.java:1020)
	at org.testng.internal.Invoker.invokeTestMethods(Invoker.java:1110)
	at org.testng.internal.TestMethodWorker.invokeTestMethods(TestMethodWorker.java:129)
	at org.testng.internal.TestMethodWorker.run(TestMethodWorker.java:112)
	at org.testng.TestRunner.privateRun(TestRunner.java:756)
	at org.testng.TestRunner.run(TestRunner.java:610)
	at org.testng.SuiteRunner.runTest(SuiteRunner.java:387)
	at org.testng.SuiteRunner.runSequentially(SuiteRunner.java:382)
	at org.testng.SuiteRunner.privateRun(SuiteRunner.java:340)
	at org.testng.SuiteRunner.run(SuiteRunner.java:289)
	at org.testng.SuiteRunnerWorker.runSuite(SuiteRunnerWorker.java:52)
	at org.testng.SuiteRunnerWorker.run(SuiteRunnerWorker.java:86)
	at org.testng.TestNG.runSuitesSequentially(TestNG.java:1293)
	at org.testng.TestNG.runSuitesLocally(TestNG.java:1218)
	at org.testng.TestNG.runSuites(TestNG.java:1133)
	at org.testng.TestNG.run(TestNG.java:1104)
	at org.apache.maven.surefire.testng.TestNGExecutor.run(TestNGExecutor.java:62)
	at org.apache.maven.surefire.testng.TestNGDirectoryTestSuite.execute(TestNGDirectoryTestSuite.java:141)
	at org.apache.maven.surefire.Surefire.run(Surefire.java:180)
	at java.base/jdk.internal.reflect.NativeMethodAccessorImpl.invoke0(Native Method)
	at java.base/jdk.internal.reflect.NativeMethodAccessorImpl.invoke(NativeMethodAccessorImpl.java:78)
	at java.base/jdk.internal.reflect.DelegatingMethodAccessorImpl.invoke(DelegatingMethodAccessorImpl.java:43)
	at java.base/java.lang.reflect.Method.invoke(Method.java:567)
	at org.apache.maven.surefire.booter.SurefireBooter.runSuitesInProcess(SurefireBooter.java:350)
	at org.apache.maven.surefire.booter.SurefireBooter.main(SurefireBooter.java:1021)
</failure>
    <system-out>Read User
userId: 3
ids: [21, 22, 23, 24, 25, 26, 27, 28, 29, 30]
emails: [Lura@rod.tv, Lottie.Zieme@ruben.us, Winona_Price@jevon.me, Gabriel@oceane.biz, Adolph.Ondricka@mozell.co.uk]
emails: [Allen@richard.biz, Nicholaus@mikayla.ca, Kayla@susanna.org, Gideon@amina.name, Cassidy@maribel.io]
emails: [Stefan.Crist@duane.ca, Aniyah.Ortiz@monte.me, Laverna@rico.biz, Derek@hildegard.net, Tyrell@abdullah.ca]
emails: [Reyes@hailey.name, Danika.Dicki@mekhi.biz, Alessandra.Nitzsche@stephania.us, Matteo@marquis.net, Joshua.Spinka@toby.io]
emails: [Annabelle@cole.com, Kacey@jamal.info, Mina@mallie.name, Hudson.Blick@ruben.biz, Domenic.Durgan@joaquin.name]
emails: [Alexie@alayna.org, Haven_Barrows@brant.org, Marianne@maximo.us, Fanny@danial.com, Trevion_Kuphal@bernice.name]
emails: [Emmet@guy.biz, Megane.Fritsch@claude.name, Amya@durward.ca, Jasen_Rempel@willis.org, Harmony@reggie.com]
emails: [Rosanna_Kunze@guy.net, Ressie.Boehm@flossie.com, Domenic.Wuckert@jazmyne.us, Rhett.OKon@brian.info, Mathias@richmond.info]
emails: [Ottis@lourdes.org, Estel@newton.ca, Bertha@erik.co.uk, Joesph@matteo.info, Alva@cassandre.net]
emails: [Vivienne@willis.org, Angelita@aliza.me, Timmothy_Okuneva@alyce.tv, Moriah_Welch@richmond.org, Ramiro_Kuhn@harmon.biz]
</system-out>
  </testcase>
</testsuite>