<?xml version="1.0" encoding="UTF-8"?>
<!-- Generated by org.testng.reporters.JUnitReportReporter -->
<testsuite ignored="0" hostname="DESKTOP-IGAMSGJ" failures="0" tests="1" name="BackEndTest.FreeNow.AppTest" time="2.517" errors="0" timestamp="26 Dec 2021 08:20:57 GMT" skipped="0">
  <testcase classname="BackEndTest.FreeNow.AppTest" name="readUser" time="2.517"/>
</testsuite> <!-- BackEndTest.FreeNow.AppTest -->
